<?xml version="1.0" encoding="UTF-8"?>
<testsuite xmlns:xsi="http://www.w3.org/2001/XMLSchema-instance" xsi:noNamespaceSchemaLocation="https://maven.apache.org/surefire/maven-surefire-plugin/xsd/surefire-test-report-3.0.xsd" version="3.0" name="com.paper.controllers.MMControllerTest$ImageTest" time="0.244" tests="2" errors="0" skipped="0" failures="0">
  <properties>
[...]
</properties>
  <testcase name="addImage" classname="com.paper.controllers.MMControllerTest$ImageTest" time="0.056">
    <system-out><![CDATA[2023-09-22T13:23:35.848+03:00  INFO 8144 --- [           main] t.c.s.AnnotationConfigContextLoaderUtils : Could not detect default configuration classes for test class [com.paper.controllers.MMControllerTest$ImageTest]: ImageTest does not declare any static, non-private, non-final, nested classes annotated with @Configuration.
2023-09-22T13:23:35.856+03:00  INFO 8144 --- [           main] .b.t.c.SpringBootTestContextBootstrapper : Found @SpringBootConfiguration com.paper.SpringRunner for test class com.paper.controllers.MMControllerTest$ImageTest
Hibernate: 
    select
        m1_0.id,
        c1_0.id,
        c1_0.name,
        c1_0.type,
        m1_0.description,
        i1_0.manufacture_machine_id,
        i1_0.good_images_order,
        i1_0.image_id,
        m1_0.name,
        m1_0.price,
        p1_0.id,
        p1_0.description,
        p1_0.logotype_id,
        p1_0.name,
        p1_0.website_url,
        p2_0.manufacture_machine_id,
        p2_0.property_name,
        p2_0.property_value,
        m1_0.serial_number 
    from
        public.manufacture_machine m1_0 
    left join
        catalog c1_0 
            on c1_0.id=m1_0.catalog_id 
    left join
        good_images i1_0 
            on m1_0.id=i1_0.manufacture_machine_id 
    left join
        producer p1_0 
            on p1_0.id=m1_0.producer_id 
    left join
        manufacture_machine_properties p2_0 
            on m1_0.id=p2_0.manufacture_machine_id 
    where
        m1_0.id=?
Hibernate: 
    insert 
    into
        public.manufacture_machine
        (catalog_id,description,name,price,producer_id,serial_number) 
    values
        (?,?,?,?,?,?)
Hibernate: 
    insert 
    into
        good_images
        (manufacture_machine_id,good_images_order,image_id) 
    values
        (?,?,?)
Hibernate: 
    insert 
    into
        manufacture_machine_properties
        (manufacture_machine_id,property_name,property_value) 
    values
        (?,?,?)
Hibernate: 
    select
        m1_0.id,
        c1_0.id,
        c1_0.name,
        c1_0.type,
        m1_0.description,
        i1_0.manufacture_machine_id,
        i1_0.good_images_order,
        i1_0.image_id,
        m1_0.name,
        m1_0.price,
        p1_0.id,
        p1_0.description,
        p1_0.logotype_id,
        p1_0.name,
        p1_0.website_url,
        p2_0.manufacture_machine_id,
        p2_0.property_name,
        p2_0.property_value,
        m1_0.serial_number 
    from
        public.manufacture_machine m1_0 
    left join
        catalog c1_0 
            on c1_0.id=m1_0.catalog_id 
    left join
        good_images i1_0 
            on m1_0.id=i1_0.manufacture_machine_id 
    left join
        producer p1_0 
            on p1_0.id=m1_0.producer_id 
    left join
        manufacture_machine_properties p2_0 
            on m1_0.id=p2_0.manufacture_machine_id 
    where
        m1_0.id=?
Hibernate: 
    select
        v1_0.manufacture_machine_id,
        v1_0.id,
        v1_0.data,
        v1_0.description,
        v1_0.duration,
        v1_0.name 
    from
        public.videos v1_0 
    where
        v1_0.manufacture_machine_id=?
Hibernate: 
    insert 
    into
        good_images
        (manufacture_machine_id,good_images_order,image_id) 
    values
        (?,?,?)
Hibernate: 
    delete 
    from
        good_images img 
    where
        img.image_id = ?
]]></system-out>
  </testcase>
  <testcase name="deleteImage" classname="com.paper.controllers.MMControllerTest$ImageTest" time="0.145">
    <system-out><![CDATA[Hibernate: 
    select
        image_id 
    from
        good_images 
    where
        manufacture_machine_id = 2
Hibernate: 
    delete 
    from
        good_images img 
    where
        img.image_id = ?
Hibernate: 
    select
        image_id 
    from
        good_images 
    where
        manufacture_machine_id = 2
]]></system-out>
  </testcase>
</testsuite>