<?xml version="1.0" encoding="UTF-8"?>
<testsuite xmlns:xsi="http://www.w3.org/2001/XMLSchema-instance" xsi:noNamespaceSchemaLocation="https://maven.apache.org/surefire/maven-surefire-plugin/xsd/surefire-test-report-3.0.xsd" version="3.0" name="com.paper.util.MapperTest" time="0.705" tests="1" errors="0" skipped="0" failures="0">
  <properties>
[...]
</properties>
  <testcase name="mapTest" classname="com.paper.util.MapperTest" time="0.674">
    <system-out><![CDATA[12:06:55.539 [main] INFO com.github.dozermapper.core.DozerBeanMapperBuilder -- Initializing Dozer. Version: 6.4.0, Thread Name: main
12:06:55.550 [main] INFO com.github.dozermapper.core.util.RuntimeUtils -- OSGi support is false
12:06:55.556 [main] INFO com.github.dozermapper.core.config.resolvers.LegacyPropertiesSettingsResolver -- Trying to find Dozer configuration file: dozer.properties
12:06:55.561 [main] INFO com.github.dozermapper.core.config.resolvers.LegacyPropertiesSettingsResolver -- Failed to find dozer.properties via com.github.dozermapper.core.config.resolvers.LegacyPropertiesSettingsResolver.
12:06:55.572 [main] WARN com.github.dozermapper.core.el.ELExpressionFactory -- javax.el is not supported; Failed to resolve ExpressionFactory, com.sun.el.ExpressionFactoryImpl
12:06:55.646 [main] DEBUG org.apache.commons.beanutils.converters.BooleanConverter -- Setting default value: false
12:06:55.646 [main] DEBUG org.apache.commons.beanutils.converters.BooleanConverter -- Converting 'Boolean' value 'false' to type 'Boolean'
12:06:55.646 [main] DEBUG org.apache.commons.beanutils.converters.BooleanConverter --     No conversion required, value is already a Boolean
12:06:55.648 [main] DEBUG org.apache.commons.beanutils.converters.ByteConverter -- Setting default value: 0
12:06:55.649 [main] DEBUG org.apache.commons.beanutils.converters.ByteConverter -- Converting 'Integer' value '0' to type 'Byte'
12:06:55.649 [main] DEBUG org.apache.commons.beanutils.converters.ByteConverter --     Converted to Byte value '0'
12:06:55.649 [main] DEBUG org.apache.commons.beanutils.converters.CharacterConverter -- Setting default value:  
12:06:55.649 [main] DEBUG org.apache.commons.beanutils.converters.CharacterConverter -- Converting 'Character' value ' ' to type 'Character'
12:06:55.649 [main] DEBUG org.apache.commons.beanutils.converters.CharacterConverter --     No conversion required, value is already a Character
12:06:55.650 [main] DEBUG org.apache.commons.beanutils.converters.DoubleConverter -- Setting default value: 0
12:06:55.650 [main] DEBUG org.apache.commons.beanutils.converters.DoubleConverter -- Converting 'Integer' value '0' to type 'Double'
12:06:55.650 [main] DEBUG org.apache.commons.beanutils.converters.DoubleConverter --     Converted to Double value '0.0'
12:06:55.651 [main] DEBUG org.apache.commons.beanutils.converters.FloatConverter -- Setting default value: 0
12:06:55.651 [main] DEBUG org.apache.commons.beanutils.converters.FloatConverter -- Converting 'Integer' value '0' to type 'Float'
12:06:55.651 [main] DEBUG org.apache.commons.beanutils.converters.FloatConverter --     Converted to Float value '0.0'
12:06:55.651 [main] DEBUG org.apache.commons.beanutils.converters.IntegerConverter -- Setting default value: 0
12:06:55.651 [main] DEBUG org.apache.commons.beanutils.converters.IntegerConverter -- Converting 'Integer' value '0' to type 'Integer'
12:06:55.651 [main] DEBUG org.apache.commons.beanutils.converters.IntegerConverter --     No conversion required, value is already a Integer
12:06:55.652 [main] DEBUG org.apache.commons.beanutils.converters.LongConverter -- Setting default value: 0
12:06:55.652 [main] DEBUG org.apache.commons.beanutils.converters.LongConverter -- Converting 'Integer' value '0' to type 'Long'
12:06:55.652 [main] DEBUG org.apache.commons.beanutils.converters.LongConverter --     Converted to Long value '0'
12:06:55.652 [main] DEBUG org.apache.commons.beanutils.converters.ShortConverter -- Setting default value: 0
12:06:55.653 [main] DEBUG org.apache.commons.beanutils.converters.ShortConverter -- Converting 'Integer' value '0' to type 'Short'
12:06:55.653 [main] DEBUG org.apache.commons.beanutils.converters.ShortConverter --     Converted to Short value '0'
12:06:55.654 [main] DEBUG org.apache.commons.beanutils.converters.BigDecimalConverter -- Setting default value: 0.0
12:06:55.654 [main] DEBUG org.apache.commons.beanutils.converters.BigDecimalConverter -- Converting 'BigDecimal' value '0.0' to type 'BigDecimal'
12:06:55.654 [main] DEBUG org.apache.commons.beanutils.converters.BigDecimalConverter --     No conversion required, value is already a BigDecimal
12:06:55.654 [main] DEBUG org.apache.commons.beanutils.converters.BigIntegerConverter -- Setting default value: 0
12:06:55.654 [main] DEBUG org.apache.commons.beanutils.converters.BigIntegerConverter -- Converting 'BigInteger' value '0' to type 'BigInteger'
12:06:55.654 [main] DEBUG org.apache.commons.beanutils.converters.BigIntegerConverter --     No conversion required, value is already a BigInteger
12:06:55.655 [main] DEBUG org.apache.commons.beanutils.converters.BooleanConverter -- Setting default value: false
12:06:55.655 [main] DEBUG org.apache.commons.beanutils.converters.BooleanConverter -- Converting 'Boolean' value 'false' to type 'Boolean'
12:06:55.655 [main] DEBUG org.apache.commons.beanutils.converters.BooleanConverter --     No conversion required, value is already a Boolean
12:06:55.655 [main] DEBUG org.apache.commons.beanutils.converters.ByteConverter -- Setting default value: 0
12:06:55.655 [main] DEBUG org.apache.commons.beanutils.converters.ByteConverter -- Converting 'Integer' value '0' to type 'Byte'
12:06:55.655 [main] DEBUG org.apache.commons.beanutils.converters.ByteConverter --     Converted to Byte value '0'
12:06:55.655 [main] DEBUG org.apache.commons.beanutils.converters.CharacterConverter -- Setting default value:  
12:06:55.655 [main] DEBUG org.apache.commons.beanutils.converters.CharacterConverter -- Converting 'Character' value ' ' to type 'Character'
12:06:55.655 [main] DEBUG org.apache.commons.beanutils.converters.CharacterConverter --     No conversion required, value is already a Character
12:06:55.655 [main] DEBUG org.apache.commons.beanutils.converters.DoubleConverter -- Setting default value: 0
12:06:55.655 [main] DEBUG org.apache.commons.beanutils.converters.DoubleConverter -- Converting 'Integer' value '0' to type 'Double'
12:06:55.656 [main] DEBUG org.apache.commons.beanutils.converters.DoubleConverter --     Converted to Double value '0.0'
12:06:55.656 [main] DEBUG org.apache.commons.beanutils.converters.FloatConverter -- Setting default value: 0
12:06:55.656 [main] DEBUG org.apache.commons.beanutils.converters.FloatConverter -- Converting 'Integer' value '0' to type 'Float'
12:06:55.656 [main] DEBUG org.apache.commons.beanutils.converters.FloatConverter --     Converted to Float value '0.0'
12:06:55.656 [main] DEBUG org.apache.commons.beanutils.converters.IntegerConverter -- Setting default value: 0
12:06:55.656 [main] DEBUG org.apache.commons.beanutils.converters.IntegerConverter -- Converting 'Integer' value '0' to type 'Integer'
12:06:55.656 [main] DEBUG org.apache.commons.beanutils.converters.IntegerConverter --     No conversion required, value is already a Integer
12:06:55.656 [main] DEBUG org.apache.commons.beanutils.converters.LongConverter -- Setting default value: 0
12:06:55.656 [main] DEBUG org.apache.commons.beanutils.converters.LongConverter -- Converting 'Integer' value '0' to type 'Long'
12:06:55.657 [main] DEBUG org.apache.commons.beanutils.converters.LongConverter --     Converted to Long value '0'
12:06:55.657 [main] DEBUG org.apache.commons.beanutils.converters.ShortConverter -- Setting default value: 0
12:06:55.657 [main] DEBUG org.apache.commons.beanutils.converters.ShortConverter -- Converting 'Integer' value '0' to type 'Short'
12:06:55.657 [main] DEBUG org.apache.commons.beanutils.converters.ShortConverter --     Converted to Short value '0'
12:06:55.658 [main] DEBUG org.apache.commons.beanutils.converters.StringConverter -- Setting default value: 
12:06:55.658 [main] DEBUG org.apache.commons.beanutils.converters.StringConverter -- Converting 'String' value '' to type 'String'
12:06:55.664 [main] DEBUG org.apache.commons.beanutils.converters.ArrayConverter -- Setting default value: [Z@4201c465
12:06:55.664 [main] DEBUG org.apache.commons.beanutils.converters.ArrayConverter -- Converting 'boolean[]' value '[Z@4201c465' to type 'boolean[]'
12:06:55.664 [main] DEBUG org.apache.commons.beanutils.converters.ArrayConverter --     No conversion required, value is already a boolean[]
12:06:55.664 [main] DEBUG org.apache.commons.beanutils.converters.ArrayConverter -- Setting default value: [B@6cb107fd
12:06:55.664 [main] DEBUG org.apache.commons.beanutils.converters.ArrayConverter -- Converting 'byte[]' value '[B@6cb107fd' to type 'byte[]'
12:06:55.664 [main] DEBUG org.apache.commons.beanutils.converters.ArrayConverter --     No conversion required, value is already a byte[]
12:06:55.664 [main] DEBUG org.apache.commons.beanutils.converters.ArrayConverter -- Setting default value: [C@710636b0
12:06:55.665 [main] DEBUG org.apache.commons.beanutils.converters.ArrayConverter -- Converting 'char[]' value '[C@710636b0' to type 'char[]'
12:06:55.665 [main] DEBUG org.apache.commons.beanutils.converters.ArrayConverter --     No conversion required, value is already a char[]
12:06:55.665 [main] DEBUG org.apache.commons.beanutils.converters.ArrayConverter -- Setting default value: [D@2ab4bc72
12:06:55.665 [main] DEBUG org.apache.commons.beanutils.converters.ArrayConverter -- Converting 'double[]' value '[D@2ab4bc72' to type 'double[]'
12:06:55.665 [main] DEBUG org.apache.commons.beanutils.converters.ArrayConverter --     No conversion required, value is already a double[]
12:06:55.665 [main] DEBUG org.apache.commons.beanutils.converters.ArrayConverter -- Setting default value: [F@eadd4fb
12:06:55.665 [main] DEBUG org.apache.commons.beanutils.converters.ArrayConverter -- Converting 'float[]' value '[F@eadd4fb' to type 'float[]'
12:06:55.665 [main] DEBUG org.apache.commons.beanutils.converters.ArrayConverter --     No conversion required, value is already a float[]
12:06:55.665 [main] DEBUG org.apache.commons.beanutils.converters.ArrayConverter -- Setting default value: [I@7bd7d6d6
12:06:55.665 [main] DEBUG org.apache.commons.beanutils.converters.ArrayConverter -- Converting 'int[]' value '[I@7bd7d6d6' to type 'int[]'
12:06:55.665 [main] DEBUG org.apache.commons.beanutils.converters.ArrayConverter --     No conversion required, value is already a int[]
12:06:55.665 [main] DEBUG org.apache.commons.beanutils.converters.ArrayConverter -- Setting default value: [J@239a307b
12:06:55.665 [main] DEBUG org.apache.commons.beanutils.converters.ArrayConverter -- Converting 'long[]' value '[J@239a307b' to type 'long[]'
12:06:55.665 [main] DEBUG org.apache.commons.beanutils.converters.ArrayConverter --     No conversion required, value is already a long[]
12:06:55.666 [main] DEBUG org.apache.commons.beanutils.converters.ArrayConverter -- Setting default value: [S@6f204a1a
12:06:55.666 [main] DEBUG org.apache.commons.beanutils.converters.ArrayConverter -- Converting 'short[]' value '[S@6f204a1a' to type 'short[]'
12:06:55.666 [main] DEBUG org.apache.commons.beanutils.converters.ArrayConverter --     No conversion required, value is already a short[]
12:06:55.666 [main] DEBUG org.apache.commons.beanutils.converters.ArrayConverter -- Setting default value: [Ljava.math.BigDecimal;@5f8e8a9d
12:06:55.666 [main] DEBUG org.apache.commons.beanutils.converters.ArrayConverter -- Converting 'BigDecimal[]' value '[Ljava.math.BigDecimal;@5f8e8a9d' to type 'BigDecimal[]'
12:06:55.666 [main] DEBUG org.apache.commons.beanutils.converters.ArrayConverter --     No conversion required, value is already a BigDecimal[]
12:06:55.666 [main] DEBUG org.apache.commons.beanutils.converters.ArrayConverter -- Setting default value: [Ljava.math.BigInteger;@3ad83a66
12:06:55.666 [main] DEBUG org.apache.commons.beanutils.converters.ArrayConverter -- Converting 'BigInteger[]' value '[Ljava.math.BigInteger;@3ad83a66' to type 'BigInteger[]'
12:06:55.666 [main] DEBUG org.apache.commons.beanutils.converters.ArrayConverter --     No conversion required, value is already a BigInteger[]
12:06:55.667 [main] DEBUG org.apache.commons.beanutils.converters.ArrayConverter -- Setting default value: [Ljava.lang.Boolean;@17bffc17
12:06:55.667 [main] DEBUG org.apache.commons.beanutils.converters.ArrayConverter -- Converting 'Boolean[]' value '[Ljava.lang.Boolean;@17bffc17' to type 'Boolean[]'
12:06:55.667 [main] DEBUG org.apache.commons.beanutils.converters.ArrayConverter --     No conversion required, value is already a Boolean[]
12:06:55.667 [main] DEBUG org.apache.commons.beanutils.converters.ArrayConverter -- Setting default value: [Ljava.lang.Byte;@15a34df2
12:06:55.667 [main] DEBUG org.apache.commons.beanutils.converters.ArrayConverter -- Converting 'Byte[]' value '[Ljava.lang.Byte;@15a34df2' to type 'Byte[]'
12:06:55.667 [main] DEBUG org.apache.commons.beanutils.converters.ArrayConverter --     No conversion required, value is already a Byte[]
12:06:55.667 [main] DEBUG org.apache.commons.beanutils.converters.ArrayConverter -- Setting default value: [Ljava.lang.Character;@338fc1d8
12:06:55.667 [main] DEBUG org.apache.commons.beanutils.converters.ArrayConverter -- Converting 'Character[]' value '[Ljava.lang.Character;@338fc1d8' to type 'Character[]'
12:06:55.667 [main] DEBUG org.apache.commons.beanutils.converters.ArrayConverter --     No conversion required, value is already a Character[]
12:06:55.667 [main] DEBUG org.apache.commons.beanutils.converters.ArrayConverter -- Setting default value: [Ljava.lang.Double;@48e1f6c7
12:06:55.667 [main] DEBUG org.apache.commons.beanutils.converters.ArrayConverter -- Converting 'Double[]' value '[Ljava.lang.Double;@48e1f6c7' to type 'Double[]'
12:06:55.667 [main] DEBUG org.apache.commons.beanutils.converters.ArrayConverter --     No conversion required, value is already a Double[]
12:06:55.667 [main] DEBUG org.apache.commons.beanutils.converters.ArrayConverter -- Setting default value: [Ljava.lang.Float;@1807e3f6
12:06:55.667 [main] DEBUG org.apache.commons.beanutils.converters.ArrayConverter -- Converting 'Float[]' value '[Ljava.lang.Float;@1807e3f6' to type 'Float[]'
12:06:55.667 [main] DEBUG org.apache.commons.beanutils.converters.ArrayConverter --     No conversion required, value is already a Float[]
12:06:55.667 [main] DEBUG org.apache.commons.beanutils.converters.ArrayConverter -- Setting default value: [Ljava.lang.Integer;@f1da57d
12:06:55.668 [main] DEBUG org.apache.commons.beanutils.converters.ArrayConverter -- Converting 'Integer[]' value '[Ljava.lang.Integer;@f1da57d' to type 'Integer[]'
12:06:55.668 [main] DEBUG org.apache.commons.beanutils.converters.ArrayConverter --     No conversion required, value is already a Integer[]
12:06:55.668 [main] DEBUG org.apache.commons.beanutils.converters.ArrayConverter -- Setting default value: [Ljava.lang.Long;@26abb146
12:06:55.668 [main] DEBUG org.apache.commons.beanutils.converters.ArrayConverter -- Converting 'Long[]' value '[Ljava.lang.Long;@26abb146' to type 'Long[]'
12:06:55.668 [main] DEBUG org.apache.commons.beanutils.converters.ArrayConverter --     No conversion required, value is already a Long[]
12:06:55.668 [main] DEBUG org.apache.commons.beanutils.converters.ArrayConverter -- Setting default value: [Ljava.lang.Short;@65f8f5ae
12:06:55.668 [main] DEBUG org.apache.commons.beanutils.converters.ArrayConverter -- Converting 'Short[]' value '[Ljava.lang.Short;@65f8f5ae' to type 'Short[]'
12:06:55.668 [main] DEBUG org.apache.commons.beanutils.converters.ArrayConverter --     No conversion required, value is already a Short[]
12:06:55.668 [main] DEBUG org.apache.commons.beanutils.converters.ArrayConverter -- Setting default value: [Ljava.lang.String;@38467116
12:06:55.668 [main] DEBUG org.apache.commons.beanutils.converters.ArrayConverter -- Converting 'String[]' value '[Ljava.lang.String;@38467116' to type 'String[]'
12:06:55.668 [main] DEBUG org.apache.commons.beanutils.converters.ArrayConverter --     No conversion required, value is already a String[]
12:06:55.668 [main] DEBUG org.apache.commons.beanutils.converters.ArrayConverter -- Setting default value: [Ljava.lang.Class;@5b7a7f33
12:06:55.668 [main] DEBUG org.apache.commons.beanutils.converters.ArrayConverter -- Converting 'Class[]' value '[Ljava.lang.Class;@5b7a7f33' to type 'Class[]'
12:06:55.668 [main] DEBUG org.apache.commons.beanutils.converters.ArrayConverter --     No conversion required, value is already a Class[]
12:06:55.668 [main] DEBUG org.apache.commons.beanutils.converters.ArrayConverter -- Setting default value: [Ljava.util.Date;@790da477
12:06:55.668 [main] DEBUG org.apache.commons.beanutils.converters.ArrayConverter -- Converting 'Date[]' value '[Ljava.util.Date;@790da477' to type 'Date[]'
12:06:55.668 [main] DEBUG org.apache.commons.beanutils.converters.ArrayConverter --     No conversion required, value is already a Date[]
12:06:55.669 [main] DEBUG org.apache.commons.beanutils.converters.ArrayConverter -- Setting default value: [Ljava.util.Calendar;@57bc27f5
12:06:55.669 [main] DEBUG org.apache.commons.beanutils.converters.ArrayConverter -- Converting 'Calendar[]' value '[Ljava.util.Calendar;@57bc27f5' to type 'Calendar[]'
12:06:55.669 [main] DEBUG org.apache.commons.beanutils.converters.ArrayConverter --     No conversion required, value is already a Calendar[]
12:06:55.669 [main] DEBUG org.apache.commons.beanutils.converters.ArrayConverter -- Setting default value: [Ljava.io.File;@4b8d604b
12:06:55.669 [main] DEBUG org.apache.commons.beanutils.converters.ArrayConverter -- Converting 'java.io.File[]' value '[Ljava.io.File;@4b8d604b' to type 'java.io.File[]'
12:06:55.669 [main] DEBUG org.apache.commons.beanutils.converters.ArrayConverter --     No conversion required, value is already a java.io.File[]
12:06:55.669 [main] DEBUG org.apache.commons.beanutils.converters.ArrayConverter -- Setting default value: [Ljava.sql.Date;@68c9d179
12:06:55.669 [main] DEBUG org.apache.commons.beanutils.converters.ArrayConverter -- Converting 'java.sql.Date[]' value '[Ljava.sql.Date;@68c9d179' to type 'java.sql.Date[]'
12:06:55.669 [main] DEBUG org.apache.commons.beanutils.converters.ArrayConverter --     No conversion required, value is already a java.sql.Date[]
12:06:55.669 [main] DEBUG org.apache.commons.beanutils.converters.ArrayConverter -- Setting default value: [Ljava.sql.Time;@2dfaea86
12:06:55.670 [main] DEBUG org.apache.commons.beanutils.converters.ArrayConverter -- Converting 'java.sql.Time[]' value '[Ljava.sql.Time;@2dfaea86' to type 'java.sql.Time[]'
12:06:55.670 [main] DEBUG org.apache.commons.beanutils.converters.ArrayConverter --     No conversion required, value is already a java.sql.Time[]
12:06:55.670 [main] DEBUG org.apache.commons.beanutils.converters.ArrayConverter -- Setting default value: [Ljava.sql.Timestamp;@33ecda92
12:06:55.670 [main] DEBUG org.apache.commons.beanutils.converters.ArrayConverter -- Converting 'java.sql.Timestamp[]' value '[Ljava.sql.Timestamp;@33ecda92' to type 'java.sql.Timestamp[]'
12:06:55.670 [main] DEBUG org.apache.commons.beanutils.converters.ArrayConverter --     No conversion required, value is already a java.sql.Timestamp[]
12:06:55.670 [main] DEBUG org.apache.commons.beanutils.converters.ArrayConverter -- Setting default value: [Ljava.net.URL;@6e2829c7
12:06:55.670 [main] DEBUG org.apache.commons.beanutils.converters.ArrayConverter -- Converting 'java.net.URL[]' value '[Ljava.net.URL;@6e2829c7' to type 'java.net.URL[]'
12:06:55.670 [main] DEBUG org.apache.commons.beanutils.converters.ArrayConverter --     No conversion required, value is already a java.net.URL[]
12:06:55.862 [main] DEBUG com.github.dozermapper.core.fieldmap.FieldMap -- Getting ready to invoke write method on the destination object. Dest Obj: ManufactureMachine, Dest value: {1=2, key=val}
12:06:55.865 [main] DEBUG com.github.dozermapper.core.MappingProcessor -- MAPPED: ManufactureMachine.properties --> ManufactureMachine.properties    VALUES: {1=2, key=val} --> {1=2, key=val}    MAPID: 
12:06:55.866 [main] DEBUG com.github.dozermapper.core.fieldmap.FieldMap -- Getting ready to invoke write method on the destination object. Dest Obj: ManufactureMachine, Dest value: null
12:06:55.866 [main] DEBUG com.github.dozermapper.core.MappingProcessor -- MAPPED: ManufactureMachine.id --> ManufactureMachine.id    VALUES: NULL --> NULL    MAPID: 
12:06:55.868 [main] DEBUG com.github.dozermapper.core.fieldmap.FieldMap -- Getting ready to invoke write method on the destination object. Dest Obj: ManufactureMachine, Dest value: []
12:06:55.886 [main] DEBUG com.github.dozermapper.core.MappingProcessor -- MAPPED: ManufactureMachine.images --> ManufactureMachine.images    VALUES: [] --> []    MAPID: 
12:06:55.887 [main] DEBUG com.github.dozermapper.core.fieldmap.FieldMap -- Getting ready to invoke write method on the destination object. Dest Obj: ManufactureMachine, Dest value: desc
12:06:55.888 [main] DEBUG com.github.dozermapper.core.MappingProcessor -- MAPPED: ManufactureMachine.description --> ManufactureMachine.description    VALUES: desc --> desc    MAPID: 
12:06:55.889 [main] DEBUG com.github.dozermapper.core.fieldmap.FieldMap -- Getting ready to invoke write method on the destination object. Dest Obj: ManufactureMachine, Dest value: null
12:06:55.889 [main] DEBUG com.github.dozermapper.core.MappingProcessor -- MAPPED: ManufactureMachine.price --> ManufactureMachine.price    VALUES: NULL --> NULL    MAPID: 
12:06:55.889 [main] DEBUG com.github.dozermapper.core.fieldmap.FieldMap -- Getting ready to invoke write method on the destination object. Dest Obj: ManufactureMachine, Dest value: null
12:06:55.889 [main] DEBUG com.github.dozermapper.core.MappingProcessor -- MAPPED: ManufactureMachine.producer --> ManufactureMachine.producer    VALUES: NULL --> NULL    MAPID: 
12:06:55.889 [main] DEBUG com.github.dozermapper.core.fieldmap.FieldMap -- Getting ready to invoke write method on the destination object. Dest Obj: ManufactureMachine, Dest value: null
12:06:55.889 [main] DEBUG com.github.dozermapper.core.MappingProcessor -- MAPPED: ManufactureMachine.catalog --> ManufactureMachine.catalog    VALUES: NULL --> NULL    MAPID: 
12:06:55.889 [main] DEBUG com.github.dozermapper.core.fieldmap.FieldMap -- Getting ready to invoke write method on the destination object. Dest Obj: ManufactureMachine, Dest value: null
12:06:55.889 [main] DEBUG com.github.dozermapper.core.MappingProcessor -- MAPPED: ManufactureMachine.serialNumber --> ManufactureMachine.serialNumber    VALUES: NULL --> NULL    MAPID: 
12:06:55.889 [main] DEBUG com.github.dozermapper.core.fieldmap.FieldMap -- Getting ready to invoke write method on the destination object. Dest Obj: ManufactureMachine, Dest value: hello
12:06:55.890 [main] DEBUG com.github.dozermapper.core.MappingProcessor -- MAPPED: ManufactureMachine.name --> ManufactureMachine.name    VALUES: hello --> hello    MAPID: 
12:06:55.890 [main] DEBUG com.github.dozermapper.core.fieldmap.FieldMap -- Getting ready to invoke write method on the destination object. Dest Obj: ManufactureMachine, Dest value: []
12:06:55.890 [main] DEBUG com.github.dozermapper.core.MappingProcessor -- MAPPED: ManufactureMachine.videos --> ManufactureMachine.videos    VALUES: [] --> []    MAPID: 
]]></system-out>
  </testcase>
</testsuite>